<?xml version="1.0" encoding="UTF-8"?>
<robot generator="Robot 5.0.1 (Python 3.10.8 on win32)" generated="20221018 22:01:20.433" rpa="false" schemaversion="3">
<suite id="s1" name="Trade" source="C:\vdt2\trade-sticker\tests\trade.robot">
<test id="s1-t1" name="Deve negociar a figurinha Neymar Legend" line="7">
<kw name="Go To login Page" library="login">
<kw name="New Browser" library="Browser">
<arg>headless=False</arg>
<tag>BrowserControl</tag>
<tag>Setter</tag>
<doc>Create a new playwright Browser with specified options.</doc>
<msg timestamp="20221018 22:01:22.792" level="INFO">{"browser": "chromium", "headless": false, "devtools": false, "handleSIGHUP": true, "handleSIGINT": true, "handleSIGTERM": true, "slowMo": 0.0, "timeout": 30000.0, "deprecated_pos_args": [], "tracesDir": "C:\\vdt2\\trade-sticker\\logs\\browser\\traces\\516210ae-1b0c-4688-aee7-8967a0c80ca7"}</msg>
<msg timestamp="20221018 22:01:24.955" level="INFO">Successfully created browser with options: {"browser":"chromium","headless":false,"devtools":false,"handleSIGHUP":true,"handleSIGINT":true,"handleSIGTERM":true,"slowMo":0,"timeout":30000,"deprecated_pos_args":[],"tracesDir":"C:\\vdt2\\trade-sticker\\logs\\browser\\traces\\516210ae-1b0c-4688-aee7-8967a0c80ca7"}</msg>
<status status="PASS" starttime="20221018 22:01:22.791" endtime="20221018 22:01:24.955"/>
</kw>
<kw name="New Page" library="Browser">
<arg>https://trade-sticker-dev.vercel.app/</arg>
<tag>BrowserControl</tag>
<tag>Setter</tag>
<doc>Open a new Page.</doc>
<msg timestamp="20221018 22:01:27.306" level="INFO">Successfully initialized new page object and opened url: https://trade-sticker-dev.vercel.app/</msg>
<msg timestamp="20221018 22:01:27.306" level="INFO">No context was open. New context was automatically opened when this page is created.</msg>
<status status="PASS" starttime="20221018 22:01:24.955" endtime="20221018 22:01:27.306"/>
</kw>
<status status="PASS" starttime="20221018 22:01:22.790" endtime="20221018 22:01:27.318"/>
</kw>
<kw name="Submit Credentials" library="login">
<arg>papito@gmail.com</arg>
<arg>vaibrasil</arg>
<kw name="Fill Text" library="Browser">
<arg>css=input[name=email]</arg>
<arg>${email}</arg>
<tag>PageContent</tag>
<tag>Setter</tag>
<doc>Clears and fills the given ``txt`` into the text field found by ``selector``.</doc>
<msg timestamp="20221018 22:01:27.373" level="INFO">Fills the text 'papito@gmail.com' in the given field.</msg>
<status status="PASS" starttime="20221018 22:01:27.372" endtime="20221018 22:01:27.485"/>
</kw>
<kw name="Fill Text" library="Browser">
<arg>css=input[name=password]</arg>
<arg>${senha}</arg>
<tag>PageContent</tag>
<tag>Setter</tag>
<doc>Clears and fills the given ``txt`` into the text field found by ``selector``.</doc>
<msg timestamp="20221018 22:01:27.486" level="INFO">Fills the text 'vaibrasil' in the given field.</msg>
<status status="PASS" starttime="20221018 22:01:27.485" endtime="20221018 22:01:27.535"/>
</kw>
<kw name="Click" library="Browser">
<arg>css=button &gt;&gt; text=Entrar</arg>
<tag>PageContent</tag>
<tag>Setter</tag>
<doc>Simulates mouse click on the element found by ``selector``.</doc>
<status status="PASS" starttime="20221018 22:01:27.536" endtime="20221018 22:01:27.683"/>
</kw>
<status status="PASS" starttime="20221018 22:01:27.371" endtime="20221018 22:01:27.684"/>
</kw>
<kw name="User Logged In" library="dash">
<kw name="Set Variable" library="BuiltIn">
<var>${header_title}</var>
<arg>Aquela figurinha incrível a um clique de distância.</arg>
<doc>Returns the given values which can then be assigned to a variables.</doc>
<msg timestamp="20221018 22:01:27.723" level="INFO">${header_title} = Aquela figurinha incrível a um clique de distância.</msg>
<status status="PASS" starttime="20221018 22:01:27.722" endtime="20221018 22:01:27.723"/>
</kw>
<kw name="Get Text" library="Browser">
<arg>css=.header-content strong</arg>
<arg>equal</arg>
<arg>${header_title}</arg>
<tag>Assertion</tag>
<tag>Getter</tag>
<tag>PageContent</tag>
<doc>Returns text attribute of the element found by ``selector``.</doc>
<status status="PASS" starttime="20221018 22:01:27.723" endtime="20221018 22:01:27.791"/>
</kw>
<status status="PASS" starttime="20221018 22:01:27.721" endtime="20221018 22:01:27.792"/>
</kw>
<kw name="Search User" library="dash">
<arg>legend</arg>
<kw name="Fill Text" library="Browser">
<arg>input[placeholder^=Busque]</arg>
<arg>${target}</arg>
<tag>PageContent</tag>
<tag>Setter</tag>
<doc>Clears and fills the given ``txt`` into the text field found by ``selector``.</doc>
<msg timestamp="20221018 22:01:27.795" level="INFO">Fills the text 'legend' in the given field.</msg>
<status status="PASS" starttime="20221018 22:01:27.794" endtime="20221018 22:01:27.851"/>
</kw>
<kw name="Click" library="Browser">
<arg>css=button &gt;&gt; text=Buscar</arg>
<tag>PageContent</tag>
<tag>Setter</tag>
<doc>Simulates mouse click on the element found by ``selector``.</doc>
<status status="PASS" starttime="20221018 22:01:27.851" endtime="20221018 22:01:27.933"/>
</kw>
<status status="PASS" starttime="20221018 22:01:27.793" endtime="20221018 22:01:27.934"/>
</kw>
<kw name="Select Sticker" library="dash">
<arg>Neymar Jr</arg>
<kw name="Click" library="Browser">
<arg>xpath=//img[@alt="${name}"]/..</arg>
<tag>PageContent</tag>
<tag>Setter</tag>
<doc>Simulates mouse click on the element found by ``selector``.</doc>
<status status="PASS" starttime="20221018 22:01:27.946" endtime="20221018 22:01:28.493"/>
</kw>
<status status="PASS" starttime="20221018 22:01:27.945" endtime="20221018 22:01:28.494"/>
</kw>
<kw name="Get In Touch" library="dash">
<kw name="Click" library="Browser">
<arg>css=button &gt;&gt; text=Entrar em contato</arg>
<tag>PageContent</tag>
<tag>Setter</tag>
<doc>Simulates mouse click on the element found by ``selector``.</doc>
<status status="PASS" starttime="20221018 22:01:28.539" endtime="20221018 22:01:28.674"/>
</kw>
<status status="PASS" starttime="20221018 22:01:28.538" endtime="20221018 22:01:28.675"/>
</kw>
<kw name="Whatsapp Sticker Message" library="dash">
<arg>Neymar Jr</arg>
<kw name="Set Variable" library="BuiltIn">
<var>${expect_message}</var>
<arg>Oi, achei o seu contato no Trade Sticker. Estou interessado(a) na figurinha do ${sticker_name}, bora negociar?</arg>
<doc>Returns the given values which can then be assigned to a variables.</doc>
<msg timestamp="20221018 22:01:28.713" level="INFO">${expect_message} = Oi, achei o seu contato no Trade Sticker. Estou interessado(a) na figurinha do Neymar Jr, bora negociar?</msg>
<status status="PASS" starttime="20221018 22:01:28.712" endtime="20221018 22:01:28.713"/>
</kw>
<kw name="Switch Page" library="Browser">
<arg>NEW</arg>
<tag>BrowserControl</tag>
<tag>Setter</tag>
<doc>Switches the active browser page to another open page by ``id`` or ``NEW``.</doc>
<msg timestamp="20221018 22:01:28.714" level="INFO">Switching to page NEW,context CURRENT, browser CURRENT</msg>
<msg timestamp="20221018 22:01:29.172" level="INFO">Activated new page page=ed21b9a1-9a07-4ed8-8789-37fe1d1e43fe</msg>
<status status="PASS" starttime="20221018 22:01:28.714" endtime="20221018 22:01:29.172"/>
</kw>
<kw name="Wait For Elements State" library="Browser">
<arg>css=p &gt;&gt; text=${expect_message}</arg>
<arg>visible</arg>
<arg>5000</arg>
<tag>PageContent</tag>
<tag>Wait</tag>
<doc>Waits for the element found by ``selector`` to satisfy state option.</doc>
<msg timestamp="20221018 22:01:29.888" level="INFO">Waited for Element with selector css=p &gt;&gt; text=Oi, achei o seu contato no Trade Sticker. Estou interessado(a) na figurinha do Neymar Jr, bora negociar? at state visible</msg>
<status status="PASS" starttime="20221018 22:01:29.173" endtime="20221018 22:01:29.888"/>
</kw>
<status status="PASS" starttime="20221018 22:01:28.711" endtime="20221018 22:01:29.889"/>
</kw>
<status status="PASS" starttime="20221018 22:01:22.782" endtime="20221018 22:01:30.107"/>
</test>
<doc>Testes de negociação de figurinhas da copa</doc>
<status status="PASS" starttime="20221018 22:01:20.448" endtime="20221018 22:01:30.462"/>
</suite>
<statistics>
<total>
<stat pass="1" fail="0" skip="0">All Tests</stat>
</total>
<tag>
</tag>
<suite>
<stat pass="1" fail="0" skip="0" id="s1" name="Trade">Trade</stat>
</suite>
</statistics>
<errors>
</errors>
</robot>
